{"/home/v/dev/node/dashboard-api/src/App.ts": {"path":"/home/v/dev/node/dashboard-api/src/App.ts","statementMap":{"0":{"start":{"line":1,"column":0},"end":{"line":1,"column":43}},"1":{"start":{"line":3,"column":0},"end":{"line":3,"column":47}},"2":{"start":{"line":6,"column":0},"end":{"line":6,"column":32}},"3":{"start":{"line":7,"column":0},"end":{"line":7,"column":76}},"4":{"start":{"line":8,"column":0},"end":{"line":8,"column":35}},"5":{"start":{"line":9,"column":0},"end":{"line":9,"column":26}},"6":{"start":{"line":11,"column":0},"end":{"line":11,"column":51}},"7":{"start":{"line":12,"column":0},"end":{"line":12,"column":68}},"8":{"start":{"line":15,"column":0},"end":{"line":66,"column":null}},"9":{"start":{"line":22,"column":10},"end":{"line":22,"column":25}},"10":{"start":{"line":25,"column":10},"end":{"line":25,"column":27}},"11":{"start":{"line":28,"column":10},"end":{"line":28,"column":43}},"12":{"start":{"line":31,"column":10},"end":{"line":31,"column":39}},"13":{"start":{"line":34,"column":10},"end":{"line":34,"column":25}},"14":{"start":{"line":36,"column":2},"end":{"line":36,"column":23}},"15":{"start":{"line":37,"column":2},"end":{"line":37,"column":19}},"16":{"start":{"line":41,"column":2},"end":{"line":41,"column":23}},"17":{"start":{"line":42,"column":25},"end":{"line":42,"column":77}},"18":{"start":{"line":43,"column":2},"end":{"line":43,"column":60}},"19":{"start":{"line":47,"column":2},"end":{"line":47,"column":54}},"20":{"start":{"line":51,"column":2},"end":{"line":51,"column":70}},"21":{"start":{"line":55,"column":2},"end":{"line":55,"column":23}},"22":{"start":{"line":56,"column":2},"end":{"line":56,"column":19}},"23":{"start":{"line":57,"column":2},"end":{"line":57,"column":29}},"24":{"start":{"line":58,"column":2},"end":{"line":58,"column":31}},"25":{"start":{"line":59,"column":2},"end":{"line":59,"column":43}},"26":{"start":{"line":60,"column":2},"end":{"line":60,"column":69}},"27":{"start":{"line":64,"column":2},"end":{"line":64,"column":22}},"28":{"start":{"line":15,"column":13},"end":{"line":66,"column":null}},"29":{"start":{"line":15,"column":13},"end":{"line":15,"column":16}}},"fnMap":{"0":{"name":"(anonymous_12)","decl":{"start":{"line":20,"column":1},"end":{"line":20,"column":null}},"loc":{"start":{"line":34,"column":38},"end":{"line":38,"column":2}}},"1":{"name":"(anonymous_13)","decl":{"start":{"line":40,"column":1},"end":{"line":40,"column":14}},"loc":{"start":{"line":40,"column":14},"end":{"line":44,"column":2}}},"2":{"name":"(anonymous_14)","decl":{"start":{"line":46,"column":1},"end":{"line":46,"column":10}},"loc":{"start":{"line":46,"column":10},"end":{"line":48,"column":2}}},"3":{"name":"(anonymous_15)","decl":{"start":{"line":50,"column":1},"end":{"line":50,"column":20}},"loc":{"start":{"line":50,"column":20},"end":{"line":52,"column":2}}},"4":{"name":"(anonymous_16)","decl":{"start":{"line":54,"column":14},"end":{"line":54,"column":18}},"loc":{"start":{"line":54,"column":18},"end":{"line":61,"column":null}}},"5":{"name":"(anonymous_18)","decl":{"start":{"line":63,"column":8},"end":{"line":63,"column":13}},"loc":{"start":{"line":63,"column":13},"end":{"line":65,"column":2}}}},"branchMap":{},"s":{"0":1,"1":1,"2":1,"3":1,"4":1,"5":1,"6":1,"7":1,"8":1,"9":1,"10":1,"11":1,"12":1,"13":1,"14":1,"15":1,"16":1,"17":1,"18":1,"19":1,"20":1,"21":1,"22":1,"23":1,"24":1,"25":1,"26":1,"27":1,"28":1,"29":1},"f":{"0":1,"1":1,"2":1,"3":1,"4":1,"5":1},"b":{}}
,"/home/v/dev/node/dashboard-api/src/main.ts": {"path":"/home/v/dev/node/dashboard-api/src/main.ts","statementMap":{"0":{"start":{"line":1,"column":0},"end":{"line":1,"column":67}},"1":{"start":{"line":2,"column":0},"end":{"line":2,"column":28}},"2":{"start":{"line":3,"column":0},"end":{"line":3,"column":59}},"3":{"start":{"line":6,"column":0},"end":{"line":6,"column":55}},"4":{"start":{"line":7,"column":0},"end":{"line":7,"column":32}},"5":{"start":{"line":9,"column":0},"end":{"line":9,"column":76}},"6":{"start":{"line":11,"column":0},"end":{"line":11,"column":57}},"7":{"start":{"line":13,"column":0},"end":{"line":13,"column":55}},"8":{"start":{"line":14,"column":0},"end":{"line":14,"column":51}},"9":{"start":{"line":15,"column":0},"end":{"line":15,"column":74}},"10":{"start":{"line":24,"column":13},"end":{"line":33,"column":3}},"11":{"start":{"line":25,"column":1},"end":{"line":25,"column":67}},"12":{"start":{"line":26,"column":1},"end":{"line":26,"column":67}},"13":{"start":{"line":27,"column":1},"end":{"line":27,"column":67}},"14":{"start":{"line":28,"column":1},"end":{"line":28,"column":55}},"15":{"start":{"line":29,"column":1},"end":{"line":29,"column":79}},"16":{"start":{"line":30,"column":1},"end":{"line":30,"column":80}},"17":{"start":{"line":31,"column":1},"end":{"line":31,"column":64}},"18":{"start":{"line":32,"column":1},"end":{"line":32,"column":38}},"19":{"start":{"line":36,"column":22},"end":{"line":36,"column":37}},"20":{"start":{"line":37,"column":1},"end":{"line":37,"column":32}},"21":{"start":{"line":38,"column":13},"end":{"line":38,"column":53}},"22":{"start":{"line":39,"column":1},"end":{"line":39,"column":18}},"23":{"start":{"line":40,"column":1},"end":{"line":40,"column":30}},"24":{"start":{"line":43,"column":13},"end":{"line":43,"column":32}}},"fnMap":{"0":{"name":"(anonymous_7)","decl":{"start":{"line":24,"column":47},"end":{"line":24,"column":48}},"loc":{"start":{"line":24,"column":73},"end":{"line":33,"column":1}}},"1":{"name":"bootstrap","decl":{"start":{"line":35,"column":15},"end":{"line":35,"column":24}},"loc":{"start":{"line":35,"column":24},"end":{"line":41,"column":null}}}},"branchMap":{},"s":{"0":1,"1":1,"2":1,"3":1,"4":1,"5":1,"6":1,"7":1,"8":1,"9":1,"10":1,"11":1,"12":1,"13":1,"14":1,"15":1,"16":1,"17":1,"18":1,"19":1,"20":1,"21":1,"22":1,"23":1,"24":1},"f":{"0":1,"1":1},"b":{}}
,"/home/v/dev/node/dashboard-api/src/types.ts": {"path":"/home/v/dev/node/dashboard-api/src/types.ts","statementMap":{"0":{"start":{"line":1,"column":13},"end":{"line":10,"column":2}}},"fnMap":{},"branchMap":{},"s":{"0":1},"f":{},"b":{}}
,"/home/v/dev/node/dashboard-api/src/common/BaseController.ts": {"path":"/home/v/dev/node/dashboard-api/src/common/BaseController.ts","statementMap":{"0":{"start":{"line":1,"column":0},"end":{"line":1,"column":43}},"1":{"start":{"line":4,"column":0},"end":{"line":4,"column":39}},"2":{"start":{"line":5,"column":0},"end":{"line":5,"column":26}},"3":{"start":{"line":8,"column":0},"end":{"line":41,"column":null}},"4":{"start":{"line":11,"column":21},"end":{"line":11,"column":36}},"5":{"start":{"line":12,"column":2},"end":{"line":12,"column":26}},"6":{"start":{"line":16,"column":2},"end":{"line":16,"column":22}},"7":{"start":{"line":20,"column":2},"end":{"line":20,"column":31}},"8":{"start":{"line":21,"column":2},"end":{"line":21,"column":40}},"9":{"start":{"line":25,"column":2},"end":{"line":25,"column":41}},"10":{"start":{"line":29,"column":2},"end":{"line":29,"column":29}},"11":{"start":{"line":33,"column":2},"end":{"line":39,"column":null}},"12":{"start":{"line":34,"column":3},"end":{"line":34,"column":54}},"13":{"start":{"line":35,"column":22},"end":{"line":35,"column":70}},"14":{"start":{"line":35,"column":52},"end":{"line":35,"column":69}},"15":{"start":{"line":36,"column":24},"end":{"line":36,"column":45}},"16":{"start":{"line":37,"column":20},"end":{"line":37,"column":77}},"17":{"start":{"line":38,"column":3},"end":{"line":38,"column":51}},"18":{"start":{"line":8,"column":22},"end":{"line":41,"column":null}},"19":{"start":{"line":8,"column":22},"end":{"line":8,"column":36}}},"fnMap":{"0":{"name":"(anonymous_2)","decl":{"start":{"line":11,"column":1},"end":{"line":11,"column":21}},"loc":{"start":{"line":11,"column":36},"end":{"line":13,"column":2}}},"1":{"name":"(anonymous_3)","decl":{"start":{"line":15,"column":1},"end":{"line":15,"column":5}},"loc":{"start":{"line":15,"column":11},"end":{"line":17,"column":2}}},"2":{"name":"(anonymous_4)","decl":{"start":{"line":19,"column":8},"end":{"line":19,"column":12}},"loc":{"start":{"line":19,"column":55},"end":{"line":22,"column":2}}},"3":{"name":"(anonymous_5)","decl":{"start":{"line":24,"column":8},"end":{"line":24,"column":10}},"loc":{"start":{"line":24,"column":39},"end":{"line":26,"column":2}}},"4":{"name":"(anonymous_6)","decl":{"start":{"line":28,"column":8},"end":{"line":28,"column":15}},"loc":{"start":{"line":28,"column":29},"end":{"line":30,"column":2}}},"5":{"name":"(anonymous_7)","decl":{"start":{"line":32,"column":11},"end":{"line":32,"column":21}},"loc":{"start":{"line":32,"column":48},"end":{"line":40,"column":2}}},"6":{"name":"(anonymous_8)","decl":{"start":{"line":35,"column":45},"end":{"line":35,"column":46}},"loc":{"start":{"line":35,"column":52},"end":{"line":35,"column":69}}}},"branchMap":{"0":{"loc":{"start":{"line":35,"column":22},"end":{"line":35,"column":70}},"type":"cond-expr","locations":[{"start":{"line":35,"column":39},"end":{"line":35,"column":41}},{"start":{"line":35,"column":39},"end":{"line":35,"column":70}}]},"1":{"loc":{"start":{"line":35,"column":22},"end":{"line":35,"column":41}},"type":"binary-expr","locations":[{"start":{"line":35,"column":22},"end":{"line":35,"column":41}},{"start":{"line":35,"column":39},"end":{"line":35,"column":41}}]},"2":{"loc":{"start":{"line":37,"column":20},"end":{"line":37,"column":77}},"type":"cond-expr","locations":[{"start":{"line":37,"column":33},"end":{"line":37,"column":62}},{"start":{"line":37,"column":65},"end":{"line":37,"column":77}}]}},"s":{"0":1,"1":1,"2":1,"3":1,"4":1,"5":1,"6":4,"7":3,"8":3,"9":3,"10":0,"11":1,"12":3,"13":3,"14":3,"15":3,"16":3,"17":3,"18":1,"19":1},"f":{"0":1,"1":4,"2":3,"3":3,"4":0,"5":1,"6":3},"b":{"0":[0,3],"1":[3,3],"2":[3,0]}}
,"/home/v/dev/node/dashboard-api/src/common/middleware/AuthGuardMiddleware.ts": {"path":"/home/v/dev/node/dashboard-api/src/common/middleware/AuthGuardMiddleware.ts","statementMap":{"0":{"start":{"line":6,"column":2},"end":{"line":8,"column":null}},"1":{"start":{"line":7,"column":3},"end":{"line":7,"column":17}},"2":{"start":{"line":9,"column":2},"end":{"line":9,"column":58}},"3":{"start":{"line":4,"column":0},"end":{"line":4,"column":13}}},"fnMap":{"0":{"name":"(anonymous_0)","decl":{"start":{"line":5,"column":1},"end":{"line":5,"column":8}},"loc":{"start":{"line":5,"column":56},"end":{"line":10,"column":2}}}},"branchMap":{"0":{"loc":{"start":{"line":6,"column":2},"end":{"line":8,"column":null}},"type":"if","locations":[{"start":{"line":6,"column":2},"end":{"line":8,"column":null}}]}},"s":{"0":2,"1":1,"2":1,"3":1},"f":{"0":2},"b":{"0":[1]}}
,"/home/v/dev/node/dashboard-api/src/common/middleware/AuthMiddleware.ts": {"path":"/home/v/dev/node/dashboard-api/src/common/middleware/AuthMiddleware.ts","statementMap":{"0":{"start":{"line":3,"column":0},"end":{"line":3,"column":38}},"1":{"start":{"line":6,"column":21},"end":{"line":6,"column":35}},"2":{"start":{"line":9,"column":2},"end":{"line":20,"column":null}},"3":{"start":{"line":10,"column":3},"end":{"line":17,"column":6}},"4":{"start":{"line":11,"column":4},"end":{"line":16,"column":null}},"5":{"start":{"line":12,"column":5},"end":{"line":12,"column":12}},"6":{"start":{"line":13,"column":11},"end":{"line":16,"column":null}},"7":{"start":{"line":14,"column":5},"end":{"line":14,"column":30}},"8":{"start":{"line":15,"column":5},"end":{"line":15,"column":12}},"9":{"start":{"line":19,"column":3},"end":{"line":19,"column":10}},"10":{"start":{"line":5,"column":0},"end":{"line":5,"column":13}}},"fnMap":{"0":{"name":"(anonymous_0)","decl":{"start":{"line":6,"column":1},"end":{"line":6,"column":21}},"loc":{"start":{"line":6,"column":35},"end":{"line":6,"column":39}}},"1":{"name":"(anonymous_1)","decl":{"start":{"line":8,"column":1},"end":{"line":8,"column":8}},"loc":{"start":{"line":8,"column":56},"end":{"line":21,"column":2}}},"2":{"name":"(anonymous_2)","decl":{"start":{"line":10,"column":64},"end":{"line":10,"column":65}},"loc":{"start":{"line":10,"column":81},"end":{"line":17,"column":4}}}},"branchMap":{"0":{"loc":{"start":{"line":9,"column":2},"end":{"line":20,"column":null}},"type":"if","locations":[{"start":{"line":9,"column":2},"end":{"line":20,"column":null}},{"start":{"line":18,"column":9},"end":{"line":20,"column":null}}]},"1":{"loc":{"start":{"line":11,"column":4},"end":{"line":16,"column":null}},"type":"if","locations":[{"start":{"line":11,"column":4},"end":{"line":16,"column":null}},{"start":{"line":13,"column":11},"end":{"line":16,"column":null}}]},"2":{"loc":{"start":{"line":13,"column":11},"end":{"line":16,"column":null}},"type":"if","locations":[{"start":{"line":13,"column":11},"end":{"line":16,"column":null}}]},"3":{"loc":{"start":{"line":13,"column":15},"end":{"line":13,"column":53}},"type":"binary-expr","locations":[{"start":{"line":13,"column":15},"end":{"line":13,"column":22}},{"start":{"line":13,"column":26},"end":{"line":13,"column":53}}]}},"s":{"0":1,"1":1,"2":6,"3":2,"4":2,"5":1,"6":1,"7":1,"8":1,"9":4,"10":1},"f":{"0":1,"1":6,"2":2},"b":{"0":[2,4],"1":[1,1],"2":[1],"3":[1,1]}}
,"/home/v/dev/node/dashboard-api/src/common/middleware/ValidateMiddleware.ts": {"path":"/home/v/dev/node/dashboard-api/src/common/middleware/ValidateMiddleware.ts","statementMap":{"0":{"start":{"line":3,"column":0},"end":{"line":3,"column":67}},"1":{"start":{"line":4,"column":0},"end":{"line":4,"column":43}},"2":{"start":{"line":7,"column":21},"end":{"line":7,"column":62}},"3":{"start":{"line":10,"column":19},"end":{"line":10,"column":59}},"4":{"start":{"line":11,"column":2},"end":{"line":17,"column":5}},"5":{"start":{"line":12,"column":3},"end":{"line":16,"column":null}},"6":{"start":{"line":13,"column":4},"end":{"line":13,"column":33}},"7":{"start":{"line":15,"column":4},"end":{"line":15,"column":11}},"8":{"start":{"line":6,"column":0},"end":{"line":6,"column":13}}},"fnMap":{"0":{"name":"(anonymous_0)","decl":{"start":{"line":7,"column":1},"end":{"line":7,"column":21}},"loc":{"start":{"line":7,"column":62},"end":{"line":7,"column":66}}},"1":{"name":"(anonymous_1)","decl":{"start":{"line":9,"column":1},"end":{"line":9,"column":8}},"loc":{"start":{"line":9,"column":61},"end":{"line":18,"column":2}}},"2":{"name":"(anonymous_2)","decl":{"start":{"line":11,"column":26},"end":{"line":11,"column":27}},"loc":{"start":{"line":11,"column":37},"end":{"line":17,"column":3}}}},"branchMap":{"0":{"loc":{"start":{"line":12,"column":3},"end":{"line":16,"column":null}},"type":"if","locations":[{"start":{"line":12,"column":3},"end":{"line":16,"column":null}},{"start":{"line":14,"column":10},"end":{"line":16,"column":null}}]}},"s":{"0":1,"1":1,"2":2,"3":4,"4":4,"5":4,"6":1,"7":3,"8":1},"f":{"0":2,"1":4,"2":4},"b":{"0":[1,3]}}
,"/home/v/dev/node/dashboard-api/src/config/ConfigService.ts": {"path":"/home/v/dev/node/dashboard-api/src/config/ConfigService.ts","statementMap":{"0":{"start":{"line":2,"column":0},"end":{"line":2,"column":71}},"1":{"start":{"line":3,"column":0},"end":{"line":3,"column":33}},"2":{"start":{"line":5,"column":0},"end":{"line":5,"column":47}},"3":{"start":{"line":8,"column":0},"end":{"line":24,"column":null}},"4":{"start":{"line":11,"column":44},"end":{"line":11,"column":59}},"5":{"start":{"line":12,"column":37},"end":{"line":12,"column":45}},"6":{"start":{"line":13,"column":2},"end":{"line":18,"column":null}},"7":{"start":{"line":14,"column":3},"end":{"line":14,"column":82}},"8":{"start":{"line":16,"column":3},"end":{"line":16,"column":69}},"9":{"start":{"line":17,"column":3},"end":{"line":17,"column":52}},"10":{"start":{"line":22,"column":2},"end":{"line":22,"column":26}},"11":{"start":{"line":8,"column":13},"end":{"line":24,"column":null}},"12":{"start":{"line":8,"column":13},"end":{"line":8,"column":26}}},"fnMap":{"0":{"name":"(anonymous_4)","decl":{"start":{"line":11,"column":1},"end":{"line":11,"column":14}},"loc":{"start":{"line":11,"column":59},"end":{"line":19,"column":2}}},"1":{"name":"(anonymous_5)","decl":{"start":{"line":21,"column":1},"end":{"line":21,"column":4}},"loc":{"start":{"line":21,"column":16},"end":{"line":23,"column":2}}}},"branchMap":{"0":{"loc":{"start":{"line":13,"column":2},"end":{"line":18,"column":null}},"type":"if","locations":[{"start":{"line":13,"column":2},"end":{"line":18,"column":null}},{"start":{"line":15,"column":9},"end":{"line":18,"column":null}}]}},"s":{"0":1,"1":1,"2":1,"3":1,"4":1,"5":1,"6":1,"7":0,"8":1,"9":1,"10":3,"11":1,"12":1},"f":{"0":1,"1":3},"b":{"0":[0,1]}}
,"/home/v/dev/node/dashboard-api/src/db/PrismaService.ts": {"path":"/home/v/dev/node/dashboard-api/src/db/PrismaService.ts","statementMap":{"0":{"start":{"line":1,"column":0},"end":{"line":1,"column":47}},"1":{"start":{"line":2,"column":0},"end":{"line":2,"column":57}},"2":{"start":{"line":3,"column":0},"end":{"line":3,"column":33}},"3":{"start":{"line":7,"column":0},"end":{"line":28,"column":null}},"4":{"start":{"line":10,"column":44},"end":{"line":10,"column":59}},"5":{"start":{"line":11,"column":2},"end":{"line":11,"column":35}},"6":{"start":{"line":15,"column":2},"end":{"line":22,"column":null}},"7":{"start":{"line":16,"column":3},"end":{"line":16,"column":32}},"8":{"start":{"line":17,"column":3},"end":{"line":17,"column":57}},"9":{"start":{"line":19,"column":3},"end":{"line":21,"column":null}},"10":{"start":{"line":20,"column":4},"end":{"line":20,"column":83}},"11":{"start":{"line":26,"column":2},"end":{"line":26,"column":34}},"12":{"start":{"line":7,"column":13},"end":{"line":28,"column":null}},"13":{"start":{"line":7,"column":13},"end":{"line":7,"column":26}}},"fnMap":{"0":{"name":"(anonymous_11)","decl":{"start":{"line":10,"column":1},"end":{"line":10,"column":14}},"loc":{"start":{"line":10,"column":59},"end":{"line":12,"column":2}}},"1":{"name":"(anonymous_12)","decl":{"start":{"line":14,"column":7},"end":{"line":14,"column":14}},"loc":{"start":{"line":14,"column":14},"end":{"line":23,"column":null}}},"2":{"name":"(anonymous_14)","decl":{"start":{"line":25,"column":7},"end":{"line":25,"column":17}},"loc":{"start":{"line":25,"column":17},"end":{"line":27,"column":null}}}},"branchMap":{"0":{"loc":{"start":{"line":19,"column":3},"end":{"line":21,"column":null}},"type":"if","locations":[{"start":{"line":19,"column":3},"end":{"line":21,"column":null}}]}},"s":{"0":1,"1":1,"2":1,"3":1,"4":1,"5":1,"6":1,"7":1,"8":1,"9":0,"10":0,"11":0,"12":1,"13":1},"f":{"0":1,"1":1,"2":0},"b":{"0":[0]}}
,"/home/v/dev/node/dashboard-api/src/entity/users/User.ts": {"path":"/home/v/dev/node/dashboard-api/src/entity/users/User.ts","statementMap":{"0":{"start":{"line":1,"column":0},"end":{"line":1,"column":41}},"1":{"start":{"line":7,"column":19},"end":{"line":7,"column":33}},"2":{"start":{"line":8,"column":19},"end":{"line":8,"column":32}},"3":{"start":{"line":11,"column":2},"end":{"line":13,"column":null}},"4":{"start":{"line":12,"column":3},"end":{"line":12,"column":33}},"5":{"start":{"line":17,"column":2},"end":{"line":17,"column":21}},"6":{"start":{"line":21,"column":2},"end":{"line":21,"column":20}},"7":{"start":{"line":25,"column":2},"end":{"line":25,"column":24}},"8":{"start":{"line":29,"column":2},"end":{"line":29,"column":42}},"9":{"start":{"line":33,"column":2},"end":{"line":33,"column":39}},"10":{"start":{"line":3,"column":0},"end":{"line":3,"column":13}}},"fnMap":{"0":{"name":"(anonymous_7)","decl":{"start":{"line":6,"column":1},"end":{"line":6,"column":null}},"loc":{"start":{"line":9,"column":23},"end":{"line":14,"column":2}}},"1":{"name":"(anonymous_8)","decl":{"start":{"line":16,"column":1},"end":{"line":16,"column":5}},"loc":{"start":{"line":16,"column":10},"end":{"line":18,"column":2}}},"2":{"name":"(anonymous_9)","decl":{"start":{"line":20,"column":1},"end":{"line":20,"column":5}},"loc":{"start":{"line":20,"column":9},"end":{"line":22,"column":2}}},"3":{"name":"(anonymous_10)","decl":{"start":{"line":24,"column":1},"end":{"line":24,"column":5}},"loc":{"start":{"line":24,"column":13},"end":{"line":26,"column":2}}},"4":{"name":"(anonymous_11)","decl":{"start":{"line":28,"column":14},"end":{"line":28,"column":25}},"loc":{"start":{"line":28,"column":52},"end":{"line":30,"column":null}}},"5":{"name":"(anonymous_13)","decl":{"start":{"line":32,"column":14},"end":{"line":32,"column":29}},"loc":{"start":{"line":32,"column":42},"end":{"line":34,"column":null}}}},"branchMap":{"0":{"loc":{"start":{"line":11,"column":2},"end":{"line":13,"column":null}},"type":"if","locations":[{"start":{"line":11,"column":2},"end":{"line":13,"column":null}}]}},"s":{"0":1,"1":3,"2":3,"3":3,"4":3,"5":0,"6":0,"7":0,"8":0,"9":3,"10":1},"f":{"0":3,"1":0,"2":0,"3":0,"4":0,"5":3},"b":{"0":[3]}}
,"/home/v/dev/node/dashboard-api/src/entity/users/UserService.ts": {"path":"/home/v/dev/node/dashboard-api/src/entity/users/UserService.ts","statementMap":{"0":{"start":{"line":4,"column":0},"end":{"line":4,"column":30}},"1":{"start":{"line":5,"column":0},"end":{"line":5,"column":47}},"2":{"start":{"line":6,"column":0},"end":{"line":6,"column":26}},"3":{"start":{"line":7,"column":0},"end":{"line":7,"column":36}},"4":{"start":{"line":13,"column":0},"end":{"line":49,"column":null}},"5":{"start":{"line":16,"column":10},"end":{"line":16,"column":39}},"6":{"start":{"line":19,"column":10},"end":{"line":19,"column":41}},"7":{"start":{"line":23,"column":18},"end":{"line":23,"column":39}},"8":{"start":{"line":24,"column":15},"end":{"line":24,"column":46}},"9":{"start":{"line":25,"column":2},"end":{"line":25,"column":44}},"10":{"start":{"line":26,"column":22},"end":{"line":26,"column":59}},"11":{"start":{"line":28,"column":2},"end":{"line":30,"column":null}},"12":{"start":{"line":29,"column":3},"end":{"line":29,"column":15}},"13":{"start":{"line":32,"column":2},"end":{"line":32,"column":45}},"14":{"start":{"line":36,"column":22},"end":{"line":36,"column":59}},"15":{"start":{"line":38,"column":2},"end":{"line":40,"column":null}},"16":{"start":{"line":39,"column":3},"end":{"line":39,"column":16}},"17":{"start":{"line":42,"column":18},"end":{"line":42,"column":85}},"18":{"start":{"line":43,"column":2},"end":{"line":43,"column":43}},"19":{"start":{"line":47,"column":2},"end":{"line":47,"column":41}},"20":{"start":{"line":13,"column":13},"end":{"line":49,"column":null}},"21":{"start":{"line":13,"column":13},"end":{"line":13,"column":24}}},"fnMap":{"0":{"name":"(anonymous_11)","decl":{"start":{"line":14,"column":1},"end":{"line":14,"column":null}},"loc":{"start":{"line":19,"column":41},"end":{"line":20,"column":5}}},"1":{"name":"(anonymous_12)","decl":{"start":{"line":22,"column":7},"end":{"line":22,"column":17}},"loc":{"start":{"line":22,"column":60},"end":{"line":33,"column":null}}},"2":{"name":"(anonymous_14)","decl":{"start":{"line":35,"column":7},"end":{"line":35,"column":19}},"loc":{"start":{"line":35,"column":53},"end":{"line":44,"column":null}}},"3":{"name":"(anonymous_16)","decl":{"start":{"line":46,"column":7},"end":{"line":46,"column":18}},"loc":{"start":{"line":46,"column":32},"end":{"line":48,"column":null}}}},"branchMap":{"0":{"loc":{"start":{"line":28,"column":2},"end":{"line":30,"column":null}},"type":"if","locations":[{"start":{"line":28,"column":2},"end":{"line":30,"column":null}}]},"1":{"loc":{"start":{"line":38,"column":2},"end":{"line":40,"column":null}},"type":"if","locations":[{"start":{"line":38,"column":2},"end":{"line":40,"column":null}}]}},"s":{"0":1,"1":1,"2":1,"3":1,"4":1,"5":1,"6":1,"7":0,"8":0,"9":0,"10":0,"11":0,"12":0,"13":0,"14":3,"15":3,"16":0,"17":3,"18":3,"19":1,"20":1,"21":1},"f":{"0":1,"1":0,"2":3,"3":1},"b":{"0":[0],"1":[0]}}
,"/home/v/dev/node/dashboard-api/src/entity/users/controller/UsersController.ts": {"path":"/home/v/dev/node/dashboard-api/src/entity/users/controller/UsersController.ts","statementMap":{"0":{"start":{"line":2,"column":0},"end":{"line":2,"column":47}},"1":{"start":{"line":3,"column":0},"end":{"line":3,"column":64}},"2":{"start":{"line":4,"column":0},"end":{"line":4,"column":54}},"3":{"start":{"line":6,"column":0},"end":{"line":6,"column":39}},"4":{"start":{"line":7,"column":0},"end":{"line":7,"column":26}},"5":{"start":{"line":9,"column":0},"end":{"line":9,"column":51}},"6":{"start":{"line":10,"column":0},"end":{"line":10,"column":57}},"7":{"start":{"line":11,"column":0},"end":{"line":11,"column":83}},"8":{"start":{"line":12,"column":0},"end":{"line":12,"column":36}},"9":{"start":{"line":15,"column":0},"end":{"line":15,"column":85}},"10":{"start":{"line":18,"column":0},"end":{"line":104,"column":null}},"11":{"start":{"line":29,"column":2},"end":{"line":29,"column":23}},"12":{"start":{"line":21,"column":10},"end":{"line":21,"column":32}},"13":{"start":{"line":24,"column":10},"end":{"line":24,"column":35}},"14":{"start":{"line":27,"column":10},"end":{"line":27,"column":39}},"15":{"start":{"line":30,"column":2},"end":{"line":49,"column":5}},"16":{"start":{"line":57,"column":17},"end":{"line":57,"column":62}},"17":{"start":{"line":59,"column":2},"end":{"line":61,"column":null}},"18":{"start":{"line":60,"column":3},"end":{"line":60,"column":58}},"19":{"start":{"line":63,"column":14},"end":{"line":63,"column":82}},"20":{"start":{"line":64,"column":2},"end":{"line":64,"column":24}},"21":{"start":{"line":72,"column":17},"end":{"line":72,"column":56}},"22":{"start":{"line":73,"column":2},"end":{"line":75,"column":null}},"23":{"start":{"line":74,"column":3},"end":{"line":74,"column":67}},"24":{"start":{"line":76,"column":2},"end":{"line":76,"column":55}},"25":{"start":{"line":80,"column":19},"end":{"line":80,"column":59}},"26":{"start":{"line":81,"column":2},"end":{"line":81,"column":61}},"27":{"start":{"line":85,"column":2},"end":{"line":102,"column":5}},"28":{"start":{"line":86,"column":3},"end":{"line":101,"column":5}},"29":{"start":{"line":96,"column":5},"end":{"line":98,"column":null}},"30":{"start":{"line":97,"column":6},"end":{"line":97,"column":18}},"31":{"start":{"line":99,"column":5},"end":{"line":99,"column":30}},"32":{"start":{"line":18,"column":13},"end":{"line":104,"column":null}},"33":{"start":{"line":18,"column":13},"end":{"line":18,"column":28}}},"fnMap":{"0":{"name":"(anonymous_11)","decl":{"start":{"line":19,"column":1},"end":{"line":19,"column":null}},"loc":{"start":{"line":27,"column":39},"end":{"line":50,"column":2}}},"1":{"name":"(anonymous_12)","decl":{"start":{"line":52,"column":7},"end":{"line":52,"column":12}},"loc":{"start":{"line":55,"column":20},"end":{"line":65,"column":null}}},"2":{"name":"(anonymous_14)","decl":{"start":{"line":67,"column":7},"end":{"line":67,"column":15}},"loc":{"start":{"line":70,"column":20},"end":{"line":77,"column":null}}},"3":{"name":"(anonymous_16)","decl":{"start":{"line":79,"column":7},"end":{"line":79,"column":11}},"loc":{"start":{"line":79,"column":64},"end":{"line":82,"column":null}}},"4":{"name":"(anonymous_18)","decl":{"start":{"line":84,"column":9},"end":{"line":84,"column":16}},"loc":{"start":{"line":84,"column":46},"end":{"line":103,"column":2}}},"5":{"name":"(anonymous_19)","decl":{"start":{"line":85,"column":29},"end":{"line":85,"column":30}},"loc":{"start":{"line":85,"column":49},"end":{"line":102,"column":3}}},"6":{"name":"(anonymous_20)","decl":{"start":{"line":95,"column":4},"end":{"line":95,"column":5}},"loc":{"start":{"line":95,"column":19},"end":{"line":100,"column":5}}}},"branchMap":{"0":{"loc":{"start":{"line":59,"column":2},"end":{"line":61,"column":null}},"type":"if","locations":[{"start":{"line":59,"column":2},"end":{"line":61,"column":null}}]},"1":{"loc":{"start":{"line":73,"column":2},"end":{"line":75,"column":null}},"type":"if","locations":[{"start":{"line":73,"column":2},"end":{"line":75,"column":null}}]},"2":{"loc":{"start":{"line":81,"column":24},"end":{"line":81,"column":39}},"type":"cond-expr","locations":[{"start":{"line":81,"column":32},"end":{"line":81,"column":34}},{"start":{"line":81,"column":24},"end":{"line":81,"column":39}}]},"3":{"loc":{"start":{"line":81,"column":24},"end":{"line":81,"column":34}},"type":"binary-expr","locations":[{"start":{"line":81,"column":24},"end":{"line":81,"column":34}},{"start":{"line":81,"column":24},"end":{"line":81,"column":34}}]},"4":{"loc":{"start":{"line":81,"column":45},"end":{"line":81,"column":57}},"type":"cond-expr","locations":[{"start":{"line":81,"column":53},"end":{"line":81,"column":55}},{"start":{"line":81,"column":45},"end":{"line":81,"column":57}}]},"5":{"loc":{"start":{"line":81,"column":45},"end":{"line":81,"column":55}},"type":"binary-expr","locations":[{"start":{"line":81,"column":45},"end":{"line":81,"column":55}},{"start":{"line":81,"column":45},"end":{"line":81,"column":55}}]},"6":{"loc":{"start":{"line":96,"column":5},"end":{"line":98,"column":null}},"type":"if","locations":[{"start":{"line":96,"column":5},"end":{"line":98,"column":null}}]}},"s":{"0":1,"1":1,"2":1,"3":1,"4":1,"5":1,"6":1,"7":1,"8":1,"9":1,"10":1,"11":1,"12":1,"13":1,"14":1,"15":1,"16":3,"17":3,"18":1,"19":2,"20":2,"21":0,"22":0,"23":0,"24":0,"25":1,"26":1,"27":2,"28":2,"29":2,"30":0,"31":2,"32":1,"33":1},"f":{"0":1,"1":3,"2":0,"3":1,"4":2,"5":2,"6":2},"b":{"0":[1],"1":[0],"2":[0,1],"3":[1,1],"4":[0,1],"5":[1,1],"6":[0]}}
,"/home/v/dev/node/dashboard-api/src/entity/users/dto/UserLoginDto.ts": {"path":"/home/v/dev/node/dashboard-api/src/entity/users/dto/UserLoginDto.ts","statementMap":{"0":{"start":{"line":1,"column":0},"end":{"line":1,"column":64}},"1":{"start":{"line":6,"column":1},"end":{"line":6,"column":null}},"2":{"start":{"line":10,"column":1},"end":{"line":10,"column":null}},"3":{"start":{"line":3,"column":0},"end":{"line":3,"column":13}}},"fnMap":{},"branchMap":{},"s":{"0":1,"1":1,"2":1,"3":1},"f":{},"b":{}}
,"/home/v/dev/node/dashboard-api/src/entity/users/dto/UserRegisterDto.ts": {"path":"/home/v/dev/node/dashboard-api/src/entity/users/dto/UserRegisterDto.ts","statementMap":{"0":{"start":{"line":1,"column":0},"end":{"line":1,"column":64}},"1":{"start":{"line":6,"column":1},"end":{"line":6,"column":null}},"2":{"start":{"line":10,"column":1},"end":{"line":10,"column":null}},"3":{"start":{"line":14,"column":1},"end":{"line":14,"column":null}},"4":{"start":{"line":3,"column":0},"end":{"line":3,"column":13}}},"fnMap":{},"branchMap":{},"s":{"0":1,"1":1,"2":1,"3":1,"4":1},"f":{},"b":{}}
,"/home/v/dev/node/dashboard-api/src/entity/users/repository/UserRepository.ts": {"path":"/home/v/dev/node/dashboard-api/src/entity/users/repository/UserRepository.ts","statementMap":{"0":{"start":{"line":4,"column":0},"end":{"line":4,"column":47}},"1":{"start":{"line":5,"column":0},"end":{"line":5,"column":39}},"2":{"start":{"line":6,"column":0},"end":{"line":6,"column":58}},"3":{"start":{"line":9,"column":0},"end":{"line":27,"column":null}},"4":{"start":{"line":10,"column":50},"end":{"line":10,"column":65}},"5":{"start":{"line":13,"column":2},"end":{"line":19,"column":5}},"6":{"start":{"line":23,"column":2},"end":{"line":25,"column":5}},"7":{"start":{"line":9,"column":13},"end":{"line":27,"column":null}},"8":{"start":{"line":9,"column":13},"end":{"line":9,"column":27}}},"fnMap":{"0":{"name":"(anonymous_11)","decl":{"start":{"line":10,"column":1},"end":{"line":10,"column":14}},"loc":{"start":{"line":10,"column":78},"end":{"line":10,"column":82}}},"1":{"name":"(anonymous_12)","decl":{"start":{"line":12,"column":7},"end":{"line":12,"column":13}},"loc":{"start":{"line":12,"column":45},"end":{"line":20,"column":null}}},"2":{"name":"(anonymous_14)","decl":{"start":{"line":22,"column":7},"end":{"line":22,"column":11}},"loc":{"start":{"line":22,"column":25},"end":{"line":26,"column":null}}}},"branchMap":{},"s":{"0":1,"1":1,"2":1,"3":1,"4":1,"5":0,"6":4,"7":1,"8":1},"f":{"0":1,"1":0,"2":4},"b":{}}
,"/home/v/dev/node/dashboard-api/src/errors/ExceptionFilter.ts": {"path":"/home/v/dev/node/dashboard-api/src/errors/ExceptionFilter.ts","statementMap":{"0":{"start":{"line":2,"column":0},"end":{"line":2,"column":47}},"1":{"start":{"line":4,"column":0},"end":{"line":4,"column":33}},"2":{"start":{"line":5,"column":0},"end":{"line":5,"column":40}},"3":{"start":{"line":7,"column":0},"end":{"line":7,"column":26}},"4":{"start":{"line":10,"column":0},"end":{"line":25,"column":null}},"5":{"start":{"line":13,"column":10},"end":{"line":13,"column":25}},"6":{"start":{"line":17,"column":2},"end":{"line":23,"column":null}},"7":{"start":{"line":18,"column":3},"end":{"line":18,"column":81}},"8":{"start":{"line":19,"column":3},"end":{"line":19,"column":57}},"9":{"start":{"line":21,"column":3},"end":{"line":21,"column":46}},"10":{"start":{"line":22,"column":3},"end":{"line":22,"column":46}},"11":{"start":{"line":10,"column":13},"end":{"line":25,"column":null}},"12":{"start":{"line":10,"column":13},"end":{"line":10,"column":28}}},"fnMap":{"0":{"name":"(anonymous_4)","decl":{"start":{"line":11,"column":1},"end":{"line":11,"column":null}},"loc":{"start":{"line":13,"column":25},"end":{"line":14,"column":5}}},"1":{"name":"(anonymous_5)","decl":{"start":{"line":16,"column":1},"end":{"line":16,"column":6}},"loc":{"start":{"line":16,"column":78},"end":{"line":24,"column":2}}}},"branchMap":{"0":{"loc":{"start":{"line":17,"column":2},"end":{"line":23,"column":null}},"type":"if","locations":[{"start":{"line":17,"column":2},"end":{"line":23,"column":null}},{"start":{"line":20,"column":9},"end":{"line":23,"column":null}}]}},"s":{"0":1,"1":1,"2":1,"3":1,"4":1,"5":1,"6":1,"7":1,"8":1,"9":0,"10":0,"11":1,"12":1},"f":{"0":1,"1":1},"b":{"0":[1,0]}}
,"/home/v/dev/node/dashboard-api/src/errors/HttpError.ts": {"path":"/home/v/dev/node/dashboard-api/src/errors/HttpError.ts","statementMap":{"0":{"start":{"line":6,"column":2},"end":{"line":6,"column":17}},"1":{"start":{"line":7,"column":2},"end":{"line":7,"column":31}},"2":{"start":{"line":8,"column":2},"end":{"line":8,"column":25}},"3":{"start":{"line":9,"column":2},"end":{"line":9,"column":25}},"4":{"start":{"line":1,"column":0},"end":{"line":1,"column":13}}},"fnMap":{"0":{"name":"(anonymous_0)","decl":{"start":{"line":5,"column":1},"end":{"line":5,"column":13}},"loc":{"start":{"line":5,"column":66},"end":{"line":10,"column":2}}}},"branchMap":{},"s":{"0":1,"1":1,"2":1,"3":1,"4":1},"f":{"0":1},"b":{}}
,"/home/v/dev/node/dashboard-api/src/logger/LoggerService.ts": {"path":"/home/v/dev/node/dashboard-api/src/logger/LoggerService.ts","statementMap":{"0":{"start":{"line":1,"column":0},"end":{"line":1,"column":39}},"1":{"start":{"line":2,"column":0},"end":{"line":2,"column":31}},"2":{"start":{"line":4,"column":0},"end":{"line":4,"column":26}},"3":{"start":{"line":7,"column":0},"end":{"line":31,"column":null}},"4":{"start":{"line":11,"column":2},"end":{"line":17,"column":5}},"5":{"start":{"line":21,"column":2},"end":{"line":21,"column":28}},"6":{"start":{"line":25,"column":2},"end":{"line":25,"column":29}},"7":{"start":{"line":29,"column":2},"end":{"line":29,"column":28}},"8":{"start":{"line":7,"column":13},"end":{"line":31,"column":null}},"9":{"start":{"line":7,"column":13},"end":{"line":7,"column":26}}},"fnMap":{"0":{"name":"(anonymous_2)","decl":{"start":{"line":10,"column":1},"end":{"line":10,"column":null}},"loc":{"start":{"line":10,"column":1},"end":{"line":18,"column":2}}},"1":{"name":"(anonymous_3)","decl":{"start":{"line":20,"column":1},"end":{"line":20,"column":4}},"loc":{"start":{"line":20,"column":23},"end":{"line":22,"column":2}}},"2":{"name":"(anonymous_4)","decl":{"start":{"line":24,"column":1},"end":{"line":24,"column":6}},"loc":{"start":{"line":24,"column":25},"end":{"line":26,"column":2}}},"3":{"name":"(anonymous_5)","decl":{"start":{"line":28,"column":1},"end":{"line":28,"column":5}},"loc":{"start":{"line":28,"column":24},"end":{"line":30,"column":2}}}},"branchMap":{},"s":{"0":1,"1":1,"2":1,"3":1,"4":1,"5":6,"6":1,"7":0,"8":1,"9":1},"f":{"0":1,"1":6,"2":1,"3":0},"b":{}}
}
